<?xml version="1.0" encoding="UTF-8"?>
<!-- Generated by org.testng.reporters.JUnitReportReporter -->
<testsuite hostname="LAPTOP-GE3ME4IV" failures="0" tests="1" name="driverFactory.AppTest" time="9.336" errors="0" timestamp="2024-06-11T14:52:47 IST" skipped="0">
  <testcase classname="driverFactory.AppTest" name="kickStart" time="9.336"/>
</testsuite> <!-- driverFactory.AppTest -->
