<?xml version="1.0" encoding="UTF-8"?>
<!-- Generated by org.testng.reporters.JUnitReportReporter -->
<testsuite hostname="LAPTOP-GE3ME4IV" failures="0" tests="1" name="driverFactory.AppTest" time="73.705" errors="0" timestamp="2024-06-14T15:48:10 IST" skipped="0">
  <testcase classname="driverFactory.AppTest" name="kickStart" time="73.705">
    <system-out>
      <![CDATA[Electronics         Electronics
Stock-000001798       Stock-000001798
Supplier-00000003613      Supplier-00000003613   {Supplier Number is Matching}
Customer-00000006755      Customer-00000006755   {Customer Number is Matching}]]>
    </system-out>
  </testcase> <!-- kickStart -->
  <system-out>
    <![CDATA[Electronics         Electronics
Stock-000001798       Stock-000001798
Supplier-00000003613      Supplier-00000003613   {Supplier Number is Matching}
Customer-00000006755      Customer-00000006755   {Customer Number is Matching}]]>
  </system-out>
</testsuite> <!-- driverFactory.AppTest -->
