<?xml version="1.0" encoding="UTF-8"?>
<!-- Generated by org.testng.reporters.JUnitReportReporter -->
<testsuite hostname="LAPTOP-GE3ME4IV" failures="0" tests="1" name="driverFactory.AppTest" time="32.939" errors="0" timestamp="2024-06-14T12:54:45 IST" skipped="0">
  <testcase classname="driverFactory.AppTest" name="kickStart" time="32.939">
    <system-out>
      <![CDATA[Supplier-00000003610      Supplier-00000003610   {Supplier Number is Matching}
Customer-00000006753      Customer-00000006753   {Customer Number is Matching}]]>
    </system-out>
  </testcase> <!-- kickStart -->
  <system-out>
    <![CDATA[Supplier-00000003610      Supplier-00000003610   {Supplier Number is Matching}
Customer-00000006753      Customer-00000006753   {Customer Number is Matching}]]>
  </system-out>
</testsuite> <!-- driverFactory.AppTest -->
